0 info it worked if it ends with ok
1 verbose cli [ 'node', '/usr/local/bin/npm', 'info', '-g', 'js-bson' ]
2 info using npm@1.4.13
3 info using node@v0.10.28
4 verbose url raw js-bson
5 verbose url resolving [ 'https://registry.npmjs.org/', './js-bson' ]
6 verbose url resolved https://registry.npmjs.org/js-bson
7 info trying registry request attempt 1 at 09:00:03
8 http GET https://registry.npmjs.org/js-bson
9 http 404 https://registry.npmjs.org/js-bson
10 verbose headers { date: 'Sun, 01 Jun 2014 00:00:03 GMT',
10 verbose headers   server: 'CouchDB/1.5.0 (Erlang OTP/R14B04)',
10 verbose headers   'content-type': 'application/json',
10 verbose headers   via: '1.1 varnish',
10 verbose headers   'cache-control': 'max-age=0',
10 verbose headers   'content-length': '52',
10 verbose headers   'accept-ranges': 'bytes',
10 verbose headers   age: '0',
10 verbose headers   'x-served-by': 'cache-v42-ASH, cache-ty67-TYO',
10 verbose headers   'x-cache': 'MISS, MISS',
10 verbose headers   'x-cache-hits': '0, 0',
10 verbose headers   'x-timer': 'S1401580803.705419,VS0,VE253',
10 verbose headers   'keep-alive': 'timeout=10, max=50',
10 verbose headers   connection: 'Keep-Alive' }
11 silly registry.get cb [ 404,
11 silly registry.get   { date: 'Sun, 01 Jun 2014 00:00:03 GMT',
11 silly registry.get     server: 'CouchDB/1.5.0 (Erlang OTP/R14B04)',
11 silly registry.get     'content-type': 'application/json',
11 silly registry.get     via: '1.1 varnish',
11 silly registry.get     'cache-control': 'max-age=0',
11 silly registry.get     'content-length': '52',
11 silly registry.get     'accept-ranges': 'bytes',
11 silly registry.get     age: '0',
11 silly registry.get     'x-served-by': 'cache-v42-ASH, cache-ty67-TYO',
11 silly registry.get     'x-cache': 'MISS, MISS',
11 silly registry.get     'x-cache-hits': '0, 0',
11 silly registry.get     'x-timer': 'S1401580803.705419,VS0,VE253',
11 silly registry.get     'keep-alive': 'timeout=10, max=50',
11 silly registry.get     connection: 'Keep-Alive' } ]
12 error 404 404 Not Found: js-bson
12 error 404
12 error 404 'js-bson' is not in the npm registry.
12 error 404 You should bug the author to publish it
12 error 404
12 error 404 Note that you can also install from a
12 error 404 tarball, folder, or http url, or git url.
13 error System Darwin 13.2.0
14 error command "node" "/usr/local/bin/npm" "info" "-g" "js-bson"
15 error cwd /Users/ias/Workspace/Ann
16 error node -v v0.10.28
17 error npm -v 1.4.13
18 error code E404
19 verbose exit [ 1, true ]
